<?xml version="1.0" encoding="UTF-8"?>
<!-- Generated by org.testng.reporters.JUnitReportReporter -->
<testsuite hostname="Friday" failures="0" tests="6" name="api.testcase.DDtest" time="8.947" errors="0" timestamp="2024-06-21T01:52:15 IST" skipped="0">
  <testcase classname="api.testcase.DDtest" name="testPostuser" time="2.996"/>
  <system-out/>
  <testcase classname="api.testcase.DDtest" name="testPostuser" time="1.180"/>
  <system-out/>
  <testcase classname="api.testcase.DDtest" name="testPostuser" time="1.205"/>
  <system-out/>
  <testcase classname="api.testcase.DDtest" name="testDeleteUserByName" time="1.147"/>
  <system-out/>
  <testcase classname="api.testcase.DDtest" name="testDeleteUserByName" time="1.229"/>
  <system-out/>
  <testcase classname="api.testcase.DDtest" name="testDeleteUserByName" time="1.190"/>
  <system-out/>
</testsuite> <!-- api.testcase.DDtest -->
