<?xml version="1.0" encoding="UTF-8"?>
<!-- Generated by org.testng.reporters.JUnitReportReporter -->
<testsuite hostname="Friday" failures="0" tests="4" name="api.testcase.UserTestcases" time="5.811" errors="0" timestamp="2024-06-21T01:52:15 IST" skipped="0">
  <testcase classname="api.testcase.UserTestcases" name="testPostUser" time="1.144"/>
  <system-out/>
  <testcase classname="api.testcase.UserTestcases" name="testGetUserByname" time="1.186"/>
  <system-out/>
  <testcase classname="api.testcase.UserTestcases" name="testupdateUser" time="2.342"/>
  <system-out/>
  <testcase classname="api.testcase.UserTestcases" name="testDeleteUser" time="1.139"/>
  <system-out/>
</testsuite> <!-- api.testcase.UserTestcases -->
