<?xml version="1.0" encoding="UTF-8"?>
<!-- Generated by org.testng.reporters.JUnitReportReporter -->
<testsuite hostname="Friday" failures="0" tests="4" name="api.testcase.UserTestcases" time="5.980" errors="0" timestamp="2024-06-22T13:07:42 IST" skipped="0">
  <testcase classname="api.testcase.UserTestcases" name="testPostUser" time="1.199"/>
  <system-out/>
  <testcase classname="api.testcase.UserTestcases" name="testGetUserByname" time="1.218"/>
  <system-out/>
  <testcase classname="api.testcase.UserTestcases" name="testupdateUser" time="2.370"/>
  <system-out/>
  <testcase classname="api.testcase.UserTestcases" name="testDeleteUser" time="1.193"/>
  <system-out/>
</testsuite> <!-- api.testcase.UserTestcases -->
