<?xml version="1.0" encoding="UTF-8"?>
<!-- Generated by org.testng.reporters.JUnitReportReporter -->
<testsuite hostname="Friday" failures="0" tests="6" name="api.testcase.DDtest" time="9.550" errors="0" timestamp="2024-06-22T13:07:42 IST" skipped="0">
  <testcase classname="api.testcase.DDtest" name="testPostuser" time="1.244"/>
  <system-out/>
  <testcase classname="api.testcase.DDtest" name="testPostuser" time="1.175"/>
  <system-out/>
  <testcase classname="api.testcase.DDtest" name="testPostuser" time="3.537"/>
  <system-out/>
  <testcase classname="api.testcase.DDtest" name="testDeleteUserByName" time="1.179"/>
  <system-out/>
  <testcase classname="api.testcase.DDtest" name="testDeleteUserByName" time="1.220"/>
  <system-out/>
  <testcase classname="api.testcase.DDtest" name="testDeleteUserByName" time="1.195"/>
  <system-out/>
</testsuite> <!-- api.testcase.DDtest -->
